Using pre-set license
Built from '2020.3/staging' branch; Version is '2020.3.8f1 (507919d4fff5) revision 5273881'; Using compiler version '192528614'; Build Type 'Release'
OS: 'Windows 10 Pro; OS build 19043.2006; Version 2009; 64bit' Language: 'zh' Physical Memory: 4002 MB
BatchMode: 1, IsHumanControllingUs: 0, StartBugReporterOnCrash: 0, Is64bit: 1, IsPro: 0

 COMMAND LINE ARGUMENTS:
E:\Unity\2020.3.8f1\Editor\Unity.exe
-adb2
-batchMode
-noUpm
-name
AssetImportWorker0
-projectPath
F:/DanganronpaK/Src/Client
-logFile
Logs/AssetImportWorker0.log
-srvPort
6512
Successfully changed project path to: F:/DanganronpaK/Src/Client
F:/DanganronpaK/Src/Client
Using Asset Import Pipeline V2.
Refreshing native plugins compatible for Editor in 117.93 ms, found 0 plugins.
Preloading 0 native plugins for Editor in 0.00 ms.
Initialize engine version: 2020.3.8f1 (507919d4fff5)
[Subsystems] Discovering subsystems at path E:/Unity/2020.3.8f1/Editor/Data/Resources/UnitySubsystems
[Subsystems] Discovering subsystems at path F:/DanganronpaK/Src/Client/Assets
GfxDevice: creating device client; threaded=0
Direct3D:
    Version:  Direct3D 11.0 [level 11.0]
    Renderer: NVIDIA GeForce MX110 (ID=0x174e)
    Vendor:   
    VRAM:     2010 MB
    Driver:   26.21.14.3650
Initialize mono
Mono path[0] = 'E:/Unity/2020.3.8f1/Editor/Data/Managed'
Mono path[1] = 'E:/Unity/2020.3.8f1/Editor/Data/MonoBleedingEdge/lib/mono/unityjit'
Mono config path = 'E:/Unity/2020.3.8f1/Editor/Data/MonoBleedingEdge/etc'
Using monoOptions --debugger-agent=transport=dt_socket,embedding=1,server=y,suspend=n,address=127.0.0.1:56216
Begin MonoManager ReloadAssembly
Registering precompiled unity dll's ...
Register platform support module: E:/Unity/2020.3.8f1/Editor/Data/PlaybackEngines/WindowsStandaloneSupport/UnityEditor.WindowsStandalone.Extensions.dll
Registered in 0.006549 seconds.
Native extension for WindowsStandalone target not found
Refreshing native plugins compatible for Editor in 100.72 ms, found 0 plugins.
Preloading 0 native plugins for Editor in 0.00 ms.
Mono: successfully reloaded assembly
- Completed reload, in 13.905 seconds
Platform modules already initialized, skipping
Registering precompiled user dll's ...
Registered in 0.004392 seconds.
Begin MonoManager ReloadAssembly
Native extension for WindowsStandalone target not found
Refreshing native plugins compatible for Editor in 0.67 ms, found 0 plugins.
Preloading 0 native plugins for Editor in 0.00 ms.
Mono: successfully reloaded assembly
- Completed reload, in  3.694 seconds
Platform modules already initialized, skipping
========================================================================
Worker process is ready to serve import requests
Launched and connected shader compiler UnityShaderCompiler.exe after 0.53 seconds
Refreshing native plugins compatible for Editor in 0.71 ms, found 0 plugins.
Preloading 0 native plugins for Editor in 0.00 ms.
Unloading 1128 Unused Serialized files (Serialized files now loaded: 0)
System memory in use before: 60.1 MB.
System memory in use after: 60.2 MB.

Unloading 12 unused Assets to reduce memory usage. Loaded Objects now: 1570.
Total: 6.535600 ms (FindLiveObjects: 0.438700 ms CreateObjectMapping: 0.143000 ms MarkObjects: 5.627700 ms  DeleteObjects: 0.321000 ms)

========================================================================
Received Import Request.
  path: Assets/Scripts/Managers/DataManager.cs
  artifactKey: Guid(4423eb47ab2e1d746ac41d3a29224773) Importer(815301076,1909f56bfc062723c751e8b465ee728b)
Start importing Assets/Scripts/Managers/DataManager.cs using Guid(4423eb47ab2e1d746ac41d3a29224773) Importer(815301076,1909f56bfc062723c751e8b465ee728b)  -> (artifact id: '47f4bc05a13940dfc1266b416defd000') in 0.230954 seconds
  Import took 0.305833 seconds .

========================================================================
Received Prepare
Registering precompiled user dll's ...
Registered in 0.004344 seconds.
Begin MonoManager ReloadAssembly
Native extension for WindowsStandalone target not found
Refreshing native plugins compatible for Editor in 0.69 ms, found 0 plugins.
Preloading 0 native plugins for Editor in 0.00 ms.
Mono: successfully reloaded assembly
- Completed reload, in  3.459 seconds
Platform modules already initialized, skipping
Refreshing native plugins compatible for Editor in 1.23 ms, found 0 plugins.
Preloading 0 native plugins for Editor in 0.00 ms.
Unloading 1123 Unused Serialized files (Serialized files now loaded: 0)
System memory in use before: 60.1 MB.
System memory in use after: 60.1 MB.

Unloading 7 unused Assets to reduce memory usage. Loaded Objects now: 1573.
Total: 5.872400 ms (FindLiveObjects: 0.440200 ms CreateObjectMapping: 0.142600 ms MarkObjects: 5.077900 ms  DeleteObjects: 0.207900 ms)

========================================================================
Received Import Request.
  Time since last request: 147.004673 seconds.
  path: Assets/Scripts/Managers/DataManager.cs
  artifactKey: Guid(4423eb47ab2e1d746ac41d3a29224773) Importer(815301076,1909f56bfc062723c751e8b465ee728b)
Start importing Assets/Scripts/Managers/DataManager.cs using Guid(4423eb47ab2e1d746ac41d3a29224773) Importer(815301076,1909f56bfc062723c751e8b465ee728b)  -> (artifact id: 'c6ec35c454a0798eb3a1583c6998eda3') in 0.017525 seconds
  Import took 0.034284 seconds .

========================================================================
Received Import Request.
  Time since last request: 0.000976 seconds.
  path: Assets/Scenes/GameStartMenu.unity
  artifactKey: Guid(2322eecd1c2726d4195267cde100a027) Importer(815301076,1909f56bfc062723c751e8b465ee728b)
Start importing Assets/Scenes/GameStartMenu.unity using Guid(2322eecd1c2726d4195267cde100a027) Importer(815301076,1909f56bfc062723c751e8b465ee728b)  -> (artifact id: '0868fd9fd52e454969bb618352438f14') in 0.044146 seconds
  Import took 0.059580 seconds .

========================================================================
Received Import Request.
  Time since last request: 0.600360 seconds.
  path: Assets/Scenes/GameStartMenu.unity
  artifactKey: Guid(2322eecd1c2726d4195267cde100a027) Importer(815301076,1909f56bfc062723c751e8b465ee728b)
Start importing Assets/Scenes/GameStartMenu.unity using Guid(2322eecd1c2726d4195267cde100a027) Importer(815301076,1909f56bfc062723c751e8b465ee728b)  -> (artifact id: '0868fd9fd52e454969bb618352438f14') in 0.060000 seconds
  Import took 0.070118 seconds .

========================================================================
Received Prepare
Registering precompiled user dll's ...
Registered in 0.006193 seconds.
Begin MonoManager ReloadAssembly
Native extension for WindowsStandalone target not found
Refreshing native plugins compatible for Editor in 0.79 ms, found 0 plugins.
Preloading 0 native plugins for Editor in 0.00 ms.
Mono: successfully reloaded assembly
- Completed reload, in  3.605 seconds
Platform modules already initialized, skipping
Refreshing native plugins compatible for Editor in 2.40 ms, found 0 plugins.
Preloading 0 native plugins for Editor in 0.00 ms.
Unloading 1123 Unused Serialized files (Serialized files now loaded: 0)
System memory in use before: 60.1 MB.
System memory in use after: 60.2 MB.

Unloading 7 unused Assets to reduce memory usage. Loaded Objects now: 1576.
Total: 16.449000 ms (FindLiveObjects: 0.691500 ms CreateObjectMapping: 0.270300 ms MarkObjects: 15.223800 ms  DeleteObjects: 0.255700 ms)

========================================================================
Received Prepare
Registering precompiled user dll's ...
Registered in 0.004495 seconds.
Begin MonoManager ReloadAssembly
Native extension for WindowsStandalone target not found
Refreshing native plugins compatible for Editor in 0.63 ms, found 0 plugins.
Preloading 0 native plugins for Editor in 0.00 ms.
Mono: successfully reloaded assembly
- Completed reload, in  4.211 seconds
Platform modules already initialized, skipping
Refreshing native plugins compatible for Editor in 0.63 ms, found 0 plugins.
Preloading 0 native plugins for Editor in 0.00 ms.
Unloading 1123 Unused Serialized files (Serialized files now loaded: 0)
System memory in use before: 60.1 MB.
System memory in use after: 60.2 MB.

Unloading 7 unused Assets to reduce memory usage. Loaded Objects now: 1579.
Total: 6.140800 ms (FindLiveObjects: 0.387500 ms CreateObjectMapping: 0.123400 ms MarkObjects: 5.448400 ms  DeleteObjects: 0.172200 ms)

========================================================================
Received Prepare
Registering precompiled user dll's ...
Registered in 0.006631 seconds.
Begin MonoManager ReloadAssembly
Native extension for WindowsStandalone target not found
Refreshing native plugins compatible for Editor in 0.67 ms, found 0 plugins.
Preloading 0 native plugins for Editor in 0.00 ms.
Mono: successfully reloaded assembly
- Completed reload, in  3.307 seconds
Platform modules already initialized, skipping
Refreshing native plugins compatible for Editor in 0.71 ms, found 0 plugins.
Preloading 0 native plugins for Editor in 0.00 ms.
Unloading 1123 Unused Serialized files (Serialized files now loaded: 0)
System memory in use before: 60.1 MB.
System memory in use after: 60.2 MB.

Unloading 7 unused Assets to reduce memory usage. Loaded Objects now: 1582.
Total: 8.516400 ms (FindLiveObjects: 1.000100 ms CreateObjectMapping: 0.349300 ms MarkObjects: 6.904000 ms  DeleteObjects: 0.256200 ms)

========================================================================
Received Prepare
Registering precompiled user dll's ...
Registered in 0.006396 seconds.
Begin MonoManager ReloadAssembly
Native extension for WindowsStandalone target not found
Refreshing native plugins compatible for Editor in 0.65 ms, found 0 plugins.
Preloading 0 native plugins for Editor in 0.00 ms.
Mono: successfully reloaded assembly
- Completed reload, in  3.077 seconds
Platform modules already initialized, skipping
Refreshing native plugins compatible for Editor in 0.70 ms, found 0 plugins.
Preloading 0 native plugins for Editor in 0.00 ms.
Unloading 1123 Unused Serialized files (Serialized files now loaded: 0)
System memory in use before: 60.1 MB.
System memory in use after: 60.2 MB.

Unloading 7 unused Assets to reduce memory usage. Loaded Objects now: 1585.
Total: 6.708700 ms (FindLiveObjects: 0.436400 ms CreateObjectMapping: 0.139300 ms MarkObjects: 5.883400 ms  DeleteObjects: 0.245700 ms)

========================================================================
Received Import Request.
  Time since last request: 769.603262 seconds.
  path: Assets/Scenes/SampleScene.unity
  artifactKey: Guid(9fc0d4010bbf28b4594072e72b8655ab) Importer(815301076,1909f56bfc062723c751e8b465ee728b)
Start importing Assets/Scenes/SampleScene.unity using Guid(9fc0d4010bbf28b4594072e72b8655ab) Importer(815301076,1909f56bfc062723c751e8b465ee728b)  -> (artifact id: 'e8723b4cd461c9122c6675c2da73ece6') in 0.104369 seconds
  Import took 0.132626 seconds .

========================================================================
Received Import Request.
  Time since last request: 0.492918 seconds.
  path: Assets/Scenes/GameStartMenu.unity
  artifactKey: Guid(2322eecd1c2726d4195267cde100a027) Importer(815301076,1909f56bfc062723c751e8b465ee728b)
Start importing Assets/Scenes/GameStartMenu.unity using Guid(2322eecd1c2726d4195267cde100a027) Importer(815301076,1909f56bfc062723c751e8b465ee728b)  -> (artifact id: 'e116985b87d4569bc062658d112b3843') in 0.010740 seconds
  Import took 0.061662 seconds .

========================================================================
Received Import Request.
  Time since last request: 9.347263 seconds.
  path: Assets/Scenes/GameStart.unity
  artifactKey: Guid(2322eecd1c2726d4195267cde100a027) Importer(815301076,1909f56bfc062723c751e8b465ee728b)
Start importing Assets/Scenes/GameStart.unity using Guid(2322eecd1c2726d4195267cde100a027) Importer(815301076,1909f56bfc062723c751e8b465ee728b)  -> (artifact id: '4a4ad18bc61461cd5741753ba9978d75') in 0.041123 seconds
  Import took 0.058297 seconds .

========================================================================
Received Import Request.
  Time since last request: 28.045524 seconds.
  path: Assets/Scenes/StartMenu.unity
  artifactKey: Guid(2e09b67183475704cb9e6b62f5a1561a) Importer(815301076,1909f56bfc062723c751e8b465ee728b)
Start importing Assets/Scenes/StartMenu.unity using Guid(2e09b67183475704cb9e6b62f5a1561a) Importer(815301076,1909f56bfc062723c751e8b465ee728b)  -> (artifact id: '7ce17ef3bed7ae13479397c94fc49dba') in 0.013722 seconds
  Import took 0.039783 seconds .

========================================================================
Received Prepare
Registering precompiled user dll's ...
Registered in 0.006021 seconds.
Begin MonoManager ReloadAssembly
Native extension for WindowsStandalone target not found
Refreshing native plugins compatible for Editor in 0.63 ms, found 0 plugins.
Preloading 0 native plugins for Editor in 0.00 ms.
Mono: successfully reloaded assembly
- Completed reload, in  3.159 seconds
Platform modules already initialized, skipping
Refreshing native plugins compatible for Editor in 0.62 ms, found 0 plugins.
Preloading 0 native plugins for Editor in 0.00 ms.
Unloading 1123 Unused Serialized files (Serialized files now loaded: 0)
System memory in use before: 60.2 MB.
System memory in use after: 60.2 MB.

Unloading 7 unused Assets to reduce memory usage. Loaded Objects now: 1588.
Total: 6.215100 ms (FindLiveObjects: 0.381600 ms CreateObjectMapping: 0.130500 ms MarkObjects: 5.523400 ms  DeleteObjects: 0.175700 ms)

========================================================================
Received Import Request.
  Time since last request: 972.935942 seconds.
  path: Assets/Scripts/Views/DialogueTrigger.cs
  artifactKey: Guid(788031205651cb14e98a9a05482718ee) Importer(815301076,1909f56bfc062723c751e8b465ee728b)
Start importing Assets/Scripts/Views/DialogueTrigger.cs using Guid(788031205651cb14e98a9a05482718ee) Importer(815301076,1909f56bfc062723c751e8b465ee728b)  -> (artifact id: 'be3220ef998f73fefb6a9f152affd1e4') in 0.574157 seconds
  Import took 0.589138 seconds .

========================================================================
Received Prepare
Registering precompiled user dll's ...
Registered in 0.004299 seconds.
Begin MonoManager ReloadAssembly
Native extension for WindowsStandalone target not found
Refreshing native plugins compatible for Editor in 0.65 ms, found 0 plugins.
Preloading 0 native plugins for Editor in 0.00 ms.
Mono: successfully reloaded assembly
- Completed reload, in  3.634 seconds
Platform modules already initialized, skipping
Refreshing native plugins compatible for Editor in 1.14 ms, found 0 plugins.
Preloading 0 native plugins for Editor in 0.00 ms.
Unloading 1124 Unused Serialized files (Serialized files now loaded: 0)
System memory in use before: 60.2 MB.
System memory in use after: 60.3 MB.

Unloading 7 unused Assets to reduce memory usage. Loaded Objects now: 1592.
Total: 7.600600 ms (FindLiveObjects: 0.383400 ms CreateObjectMapping: 0.151300 ms MarkObjects: 6.871000 ms  DeleteObjects: 0.190300 ms)

========================================================================
Received Prepare
Registering precompiled user dll's ...
Registered in 0.062962 seconds.
Begin MonoManager ReloadAssembly
Native extension for WindowsStandalone target not found
Refreshing native plugins compatible for Editor in 0.94 ms, found 0 plugins.
Preloading 0 native plugins for Editor in 0.00 ms.
Mono: successfully reloaded assembly
- Completed reload, in  5.652 seconds
Platform modules already initialized, skipping
Refreshing native plugins compatible for Editor in 0.64 ms, found 0 plugins.
Preloading 0 native plugins for Editor in 0.00 ms.
Unloading 1125 Unused Serialized files (Serialized files now loaded: 0)
System memory in use before: 60.2 MB.
System memory in use after: 60.3 MB.

Unloading 7 unused Assets to reduce memory usage. Loaded Objects now: 1596.
Total: 438.721800 ms (FindLiveObjects: 0.504900 ms CreateObjectMapping: 0.190300 ms MarkObjects: 410.674100 ms  DeleteObjects: 27.346600 ms)

========================================================================
Received Prepare
Registering precompiled user dll's ...
Registered in 0.004261 seconds.
Begin MonoManager ReloadAssembly
Native extension for WindowsStandalone target not found
Refreshing native plugins compatible for Editor in 0.67 ms, found 0 plugins.
Preloading 0 native plugins for Editor in 0.00 ms.
Mono: successfully reloaded assembly
- Completed reload, in  3.324 seconds
Platform modules already initialized, skipping
Refreshing native plugins compatible for Editor in 0.78 ms, found 0 plugins.
Preloading 0 native plugins for Editor in 0.00 ms.
Unloading 1125 Unused Serialized files (Serialized files now loaded: 0)
System memory in use before: 60.2 MB.
System memory in use after: 60.3 MB.

Unloading 7 unused Assets to reduce memory usage. Loaded Objects now: 1599.
Total: 6.067500 ms (FindLiveObjects: 0.365800 ms CreateObjectMapping: 0.122000 ms MarkObjects: 5.311000 ms  DeleteObjects: 0.265200 ms)

========================================================================
Received Prepare
Registering precompiled user dll's ...
Registered in 0.006568 seconds.
Begin MonoManager ReloadAssembly
Native extension for WindowsStandalone target not found
Refreshing native plugins compatible for Editor in 0.66 ms, found 0 plugins.
Preloading 0 native plugins for Editor in 0.00 ms.
Mono: successfully reloaded assembly
- Completed reload, in  3.275 seconds
Platform modules already initialized, skipping
Refreshing native plugins compatible for Editor in 0.64 ms, found 0 plugins.
Preloading 0 native plugins for Editor in 0.00 ms.
Unloading 1125 Unused Serialized files (Serialized files now loaded: 0)
System memory in use before: 60.2 MB.
System memory in use after: 60.3 MB.

Unloading 7 unused Assets to reduce memory usage. Loaded Objects now: 1602.
Total: 7.061100 ms (FindLiveObjects: 0.382500 ms CreateObjectMapping: 0.119600 ms MarkObjects: 6.383600 ms  DeleteObjects: 0.171000 ms)

========================================================================
Received Prepare
Registering precompiled user dll's ...
Registered in 0.004387 seconds.
Begin MonoManager ReloadAssembly
Native extension for WindowsStandalone target not found
Refreshing native plugins compatible for Editor in 0.72 ms, found 0 plugins.
Preloading 0 native plugins for Editor in 0.00 ms.
Mono: successfully reloaded assembly
- Completed reload, in  3.851 seconds
Platform modules already initialized, skipping
Refreshing native plugins compatible for Editor in 0.66 ms, found 0 plugins.
Preloading 0 native plugins for Editor in 0.00 ms.
Unloading 1125 Unused Serialized files (Serialized files now loaded: 0)
System memory in use before: 60.2 MB.
System memory in use after: 60.3 MB.

Unloading 7 unused Assets to reduce memory usage. Loaded Objects now: 1605.
Total: 6.825800 ms (FindLiveObjects: 0.792300 ms CreateObjectMapping: 0.672500 ms MarkObjects: 5.170300 ms  DeleteObjects: 0.186900 ms)

========================================================================
Received Prepare
Registering precompiled user dll's ...
Registered in 0.009071 seconds.
Begin MonoManager ReloadAssembly
Native extension for WindowsStandalone target not found
Refreshing native plugins compatible for Editor in 0.92 ms, found 0 plugins.
Preloading 0 native plugins for Editor in 0.00 ms.
Mono: successfully reloaded assembly
- Completed reload, in  3.213 seconds
Platform modules already initialized, skipping
Refreshing native plugins compatible for Editor in 0.62 ms, found 0 plugins.
Preloading 0 native plugins for Editor in 0.00 ms.
Unloading 1125 Unused Serialized files (Serialized files now loaded: 0)
System memory in use before: 60.2 MB.
System memory in use after: 60.3 MB.

Unloading 7 unused Assets to reduce memory usage. Loaded Objects now: 1608.
Total: 5.456100 ms (FindLiveObjects: 0.398900 ms CreateObjectMapping: 0.124000 ms MarkObjects: 4.762700 ms  DeleteObjects: 0.167000 ms)

========================================================================
Received Import Request.
  Time since last request: 1841.803745 seconds.
  path: Assets/Scripts/Views/UI/UIDialogueTest.cs
  artifactKey: Guid(c1c90d23f10faf545b67f720a7c7a8c7) Importer(815301076,1909f56bfc062723c751e8b465ee728b)
Start importing Assets/Scripts/Views/UI/UIDialogueTest.cs using Guid(c1c90d23f10faf545b67f720a7c7a8c7) Importer(815301076,1909f56bfc062723c751e8b465ee728b)  -> (artifact id: '1b64a95b2e5c8ce921fe07100512c269') in 0.104371 seconds
  Import took 0.164294 seconds .

========================================================================
Received Prepare
Registering precompiled user dll's ...
Registered in 0.004454 seconds.
Begin MonoManager ReloadAssembly
Native extension for WindowsStandalone target not found
Refreshing native plugins compatible for Editor in 0.65 ms, found 0 plugins.
Preloading 0 native plugins for Editor in 0.00 ms.
Mono: successfully reloaded assembly
- Completed reload, in  3.298 seconds
Platform modules already initialized, skipping
Refreshing native plugins compatible for Editor in 0.67 ms, found 0 plugins.
Preloading 0 native plugins for Editor in 0.00 ms.
Unloading 1126 Unused Serialized files (Serialized files now loaded: 0)
System memory in use before: 60.3 MB.
System memory in use after: 60.3 MB.

Unloading 7 unused Assets to reduce memory usage. Loaded Objects now: 1612.
Total: 7.960400 ms (FindLiveObjects: 0.640500 ms CreateObjectMapping: 0.245800 ms MarkObjects: 6.904600 ms  DeleteObjects: 0.165000 ms)

========================================================================
Received Prepare
Registering precompiled user dll's ...
Registered in 0.004951 seconds.
Begin MonoManager ReloadAssembly
Native extension for WindowsStandalone target not found
Refreshing native plugins compatible for Editor in 0.70 ms, found 0 plugins.
Preloading 0 native plugins for Editor in 0.00 ms.
Mono: successfully reloaded assembly
- Completed reload, in  3.317 seconds
Platform modules already initialized, skipping
Refreshing native plugins compatible for Editor in 0.77 ms, found 0 plugins.
Preloading 0 native plugins for Editor in 0.00 ms.
Unloading 1126 Unused Serialized files (Serialized files now loaded: 0)
System memory in use before: 60.3 MB.
System memory in use after: 60.3 MB.

Unloading 7 unused Assets to reduce memory usage. Loaded Objects now: 1615.
Total: 6.399900 ms (FindLiveObjects: 0.466100 ms CreateObjectMapping: 0.155900 ms MarkObjects: 5.581000 ms  DeleteObjects: 0.193300 ms)

========================================================================
Received Import Request.
  Time since last request: 431.310291 seconds.
  path: Assets/Scenes/StartMenu.unity
  artifactKey: Guid(2e09b67183475704cb9e6b62f5a1561a) Importer(815301076,1909f56bfc062723c751e8b465ee728b)
Start importing Assets/Scenes/StartMenu.unity using Guid(2e09b67183475704cb9e6b62f5a1561a) Importer(815301076,1909f56bfc062723c751e8b465ee728b)  -> (artifact id: 'd1ae183b0906c49394179716acbeb407') in 0.114799 seconds
  Import took 0.160714 seconds .

========================================================================
Received Prepare
Registering precompiled user dll's ...
Registered in 0.005225 seconds.
Begin MonoManager ReloadAssembly
Native extension for WindowsStandalone target not found
Refreshing native plugins compatible for Editor in 0.65 ms, found 0 plugins.
Preloading 0 native plugins for Editor in 0.00 ms.
Mono: successfully reloaded assembly
- Completed reload, in  3.084 seconds
Platform modules already initialized, skipping
Refreshing native plugins compatible for Editor in 0.83 ms, found 0 plugins.
Preloading 0 native plugins for Editor in 0.00 ms.
Unloading 1126 Unused Serialized files (Serialized files now loaded: 0)
System memory in use before: 60.3 MB.
System memory in use after: 60.3 MB.

Unloading 7 unused Assets to reduce memory usage. Loaded Objects now: 1618.
Total: 5.584300 ms (FindLiveObjects: 0.403600 ms CreateObjectMapping: 0.123100 ms MarkObjects: 4.873800 ms  DeleteObjects: 0.180100 ms)

========================================================================
Received Prepare
Registering precompiled user dll's ...
Registered in 0.009161 seconds.
Begin MonoManager ReloadAssembly
Native extension for WindowsStandalone target not found
Refreshing native plugins compatible for Editor in 0.65 ms, found 0 plugins.
Preloading 0 native plugins for Editor in 0.00 ms.
Mono: successfully reloaded assembly
- Completed reload, in  3.253 seconds
Platform modules already initialized, skipping
Refreshing native plugins compatible for Editor in 0.62 ms, found 0 plugins.
Preloading 0 native plugins for Editor in 0.00 ms.
Unloading 1126 Unused Serialized files (Serialized files now loaded: 0)
System memory in use before: 60.3 MB.
System memory in use after: 60.3 MB.

Unloading 7 unused Assets to reduce memory usage. Loaded Objects now: 1621.
Total: 6.022700 ms (FindLiveObjects: 0.646000 ms CreateObjectMapping: 0.185900 ms MarkObjects: 5.005000 ms  DeleteObjects: 0.181700 ms)

========================================================================
Received Prepare
Registering precompiled user dll's ...
Registered in 0.006418 seconds.
Begin MonoManager ReloadAssembly
Native extension for WindowsStandalone target not found
Refreshing native plugins compatible for Editor in 0.63 ms, found 0 plugins.
Preloading 0 native plugins for Editor in 0.00 ms.
Mono: successfully reloaded assembly
- Completed reload, in  3.348 seconds
Platform modules already initialized, skipping
Refreshing native plugins compatible for Editor in 0.63 ms, found 0 plugins.
Preloading 0 native plugins for Editor in 0.00 ms.
Unloading 1126 Unused Serialized files (Serialized files now loaded: 0)
System memory in use before: 60.3 MB.
System memory in use after: 60.4 MB.

Unloading 7 unused Assets to reduce memory usage. Loaded Objects now: 1624.
Total: 5.831100 ms (FindLiveObjects: 0.473300 ms CreateObjectMapping: 0.131100 ms MarkObjects: 5.017200 ms  DeleteObjects: 0.206100 ms)

========================================================================
Received Prepare
Registering precompiled user dll's ...
Registered in 0.004975 seconds.
Begin MonoManager ReloadAssembly
Native extension for WindowsStandalone target not found
Refreshing native plugins compatible for Editor in 0.63 ms, found 0 plugins.
Preloading 0 native plugins for Editor in 0.00 ms.
Mono: successfully reloaded assembly
- Completed reload, in  3.355 seconds
Platform modules already initialized, skipping
Refreshing native plugins compatible for Editor in 0.62 ms, found 0 plugins.
Preloading 0 native plugins for Editor in 0.00 ms.
Unloading 1126 Unused Serialized files (Serialized files now loaded: 0)
System memory in use before: 60.3 MB.
System memory in use after: 60.4 MB.

Unloading 7 unused Assets to reduce memory usage. Loaded Objects now: 1627.
Total: 5.896100 ms (FindLiveObjects: 0.377400 ms CreateObjectMapping: 0.124000 ms MarkObjects: 5.228000 ms  DeleteObjects: 0.162800 ms)

========================================================================
Received Prepare
Registering precompiled user dll's ...
Registered in 0.005694 seconds.
Begin MonoManager ReloadAssembly
Native extension for WindowsStandalone target not found
Refreshing native plugins compatible for Editor in 0.82 ms, found 0 plugins.
Preloading 0 native plugins for Editor in 0.00 ms.
Mono: successfully reloaded assembly
- Completed reload, in  3.302 seconds
Platform modules already initialized, skipping
Refreshing native plugins compatible for Editor in 1.09 ms, found 0 plugins.
Preloading 0 native plugins for Editor in 0.00 ms.
Unloading 1126 Unused Serialized files (Serialized files now loaded: 0)
System memory in use before: 60.3 MB.
System memory in use after: 60.4 MB.

Unloading 7 unused Assets to reduce memory usage. Loaded Objects now: 1630.
Total: 8.484100 ms (FindLiveObjects: 0.580200 ms CreateObjectMapping: 0.171800 ms MarkObjects: 7.485200 ms  DeleteObjects: 0.241200 ms)

========================================================================
Received Prepare
Registering precompiled user dll's ...
Registered in 0.004305 seconds.
Begin MonoManager ReloadAssembly
Native extension for WindowsStandalone target not found
Refreshing native plugins compatible for Editor in 0.65 ms, found 0 plugins.
Preloading 0 native plugins for Editor in 0.00 ms.
Mono: successfully reloaded assembly
- Completed reload, in  3.257 seconds
Platform modules already initialized, skipping
Refreshing native plugins compatible for Editor in 0.63 ms, found 0 plugins.
Preloading 0 native plugins for Editor in 0.00 ms.
Unloading 1126 Unused Serialized files (Serialized files now loaded: 0)
System memory in use before: 60.3 MB.
System memory in use after: 60.4 MB.

Unloading 7 unused Assets to reduce memory usage. Loaded Objects now: 1633.
Total: 10.702900 ms (FindLiveObjects: 0.616000 ms CreateObjectMapping: 0.399000 ms MarkObjects: 9.370900 ms  DeleteObjects: 0.311900 ms)

========================================================================
Received Prepare
Registering precompiled user dll's ...
Registered in 0.005897 seconds.
Begin MonoManager ReloadAssembly
Native extension for WindowsStandalone target not found
Refreshing native plugins compatible for Editor in 1.23 ms, found 0 plugins.
Preloading 0 native plugins for Editor in 0.00 ms.
Mono: successfully reloaded assembly
- Completed reload, in  4.106 seconds
Platform modules already initialized, skipping
Refreshing native plugins compatible for Editor in 0.67 ms, found 0 plugins.
Preloading 0 native plugins for Editor in 0.00 ms.
Unloading 1126 Unused Serialized files (Serialized files now loaded: 0)
System memory in use before: 60.3 MB.
System memory in use after: 60.4 MB.

Unloading 7 unused Assets to reduce memory usage. Loaded Objects now: 1636.
Total: 7.025300 ms (FindLiveObjects: 0.433900 ms CreateObjectMapping: 0.139100 ms MarkObjects: 6.269000 ms  DeleteObjects: 0.179400 ms)

========================================================================
Received Import Request.
  Time since last request: 382.040156 seconds.
  path: Assets/Scenes/StartMenu.unity
  artifactKey: Guid(2e09b67183475704cb9e6b62f5a1561a) Importer(815301076,1909f56bfc062723c751e8b465ee728b)
Start importing Assets/Scenes/StartMenu.unity using Guid(2e09b67183475704cb9e6b62f5a1561a) Importer(815301076,1909f56bfc062723c751e8b465ee728b)  -> (artifact id: 'bac230dbec4c3142247d79bdd2992228') in 0.041649 seconds
  Import took 0.067488 seconds .

========================================================================
Received Import Request.
  Time since last request: 0.008980 seconds.
  path: Assets/Scenes/StartMenu.unity
  artifactKey: Guid(2e09b67183475704cb9e6b62f5a1561a) Importer(815301076,1909f56bfc062723c751e8b465ee728b)
Start importing Assets/Scenes/StartMenu.unity using Guid(2e09b67183475704cb9e6b62f5a1561a) Importer(815301076,1909f56bfc062723c751e8b465ee728b)  -> (artifact id: 'bac230dbec4c3142247d79bdd2992228') in 0.010917 seconds
  Import took 0.062977 seconds .

========================================================================
Received Prepare
Registering precompiled user dll's ...
Registered in 0.006434 seconds.
Begin MonoManager ReloadAssembly
Native extension for WindowsStandalone target not found
Refreshing native plugins compatible for Editor in 1.11 ms, found 0 plugins.
Preloading 0 native plugins for Editor in 0.00 ms.
Mono: successfully reloaded assembly
- Completed reload, in  3.506 seconds
Platform modules already initialized, skipping
Refreshing native plugins compatible for Editor in 0.57 ms, found 0 plugins.
Preloading 0 native plugins for Editor in 0.00 ms.
Unloading 1126 Unused Serialized files (Serialized files now loaded: 0)
System memory in use before: 60.3 MB.
System memory in use after: 60.4 MB.

Unloading 7 unused Assets to reduce memory usage. Loaded Objects now: 1639.
Total: 5.582600 ms (FindLiveObjects: 0.357900 ms CreateObjectMapping: 0.149300 ms MarkObjects: 4.899200 ms  DeleteObjects: 0.173300 ms)

AssetImportWorkerClient::OnTransportError - code=2 error=End of file
