Using pre-set license
Built from '2020.3/staging' branch; Version is '2020.3.8f1 (507919d4fff5) revision 5273881'; Using compiler version '192528614'; Build Type 'Release'
OS: 'Windows 10 Pro; OS build 19043.1889; Version 2009; 64bit' Language: 'zh' Physical Memory: 4002 MB
BatchMode: 1, IsHumanControllingUs: 0, StartBugReporterOnCrash: 0, Is64bit: 1, IsPro: 0

 COMMAND LINE ARGUMENTS:
E:\Unity\2020.3.8f1\Editor\Unity.exe
-adb2
-batchMode
-noUpm
-name
AssetImportWorker13
-projectPath
F:/DanganronpaK/Src/Client
-logFile
Logs/AssetImportWorker13.log
-srvPort
1480
Successfully changed project path to: F:/DanganronpaK/Src/Client
F:/DanganronpaK/Src/Client
Using Asset Import Pipeline V2.
Refreshing native plugins compatible for Editor in 119.66 ms, found 0 plugins.
Preloading 0 native plugins for Editor in 0.00 ms.
Initialize engine version: 2020.3.8f1 (507919d4fff5)
[Subsystems] Discovering subsystems at path E:/Unity/2020.3.8f1/Editor/Data/Resources/UnitySubsystems
[Subsystems] Discovering subsystems at path F:/DanganronpaK/Src/Client/Assets
GfxDevice: creating device client; threaded=0
Direct3D:
    Version:  Direct3D 11.0 [level 11.0]
    Renderer: NVIDIA GeForce MX110 (ID=0x174e)
    Vendor:   
    VRAM:     2010 MB
    Driver:   26.21.14.3650
Initialize mono
Mono path[0] = 'E:/Unity/2020.3.8f1/Editor/Data/Managed'
Mono path[1] = 'E:/Unity/2020.3.8f1/Editor/Data/MonoBleedingEdge/lib/mono/unityjit'
Mono config path = 'E:/Unity/2020.3.8f1/Editor/Data/MonoBleedingEdge/etc'
Using monoOptions --debugger-agent=transport=dt_socket,embedding=1,server=y,suspend=n,address=127.0.0.1:56328
Begin MonoManager ReloadAssembly
Registering precompiled unity dll's ...
Register platform support module: E:/Unity/2020.3.8f1/Editor/Data/PlaybackEngines/WindowsStandaloneSupport/UnityEditor.WindowsStandalone.Extensions.dll
Registered in 0.037419 seconds.
Native extension for WindowsStandalone target not found
Refreshing native plugins compatible for Editor in 165.03 ms, found 0 plugins.
Preloading 0 native plugins for Editor in 0.00 ms.
Mono: successfully reloaded assembly
- Completed reload, in 12.420 seconds
Platform modules already initialized, skipping
Registering precompiled user dll's ...
Registered in 0.059023 seconds.
Begin MonoManager ReloadAssembly
Native extension for WindowsStandalone target not found
Refreshing native plugins compatible for Editor in 0.70 ms, found 0 plugins.
Preloading 0 native plugins for Editor in 0.00 ms.
Mono: successfully reloaded assembly
- Completed reload, in  4.464 seconds
Platform modules already initialized, skipping
========================================================================
Worker process is ready to serve import requests
Launched and connected shader compiler UnityShaderCompiler.exe after 0.76 seconds
Refreshing native plugins compatible for Editor in 0.66 ms, found 0 plugins.
Preloading 0 native plugins for Editor in 0.00 ms.
Unloading 1119 Unused Serialized files (Serialized files now loaded: 0)
System memory in use before: 59.6 MB.
System memory in use after: 59.6 MB.

Unloading 10 unused Assets to reduce memory usage. Loaded Objects now: 1561.
Total: 7.514200 ms (FindLiveObjects: 0.421100 ms CreateObjectMapping: 0.136200 ms MarkObjects: 6.653400 ms  DeleteObjects: 0.299000 ms)

========================================================================
Received Import Request.
  path: Assets/Scripts/Utilities/MonoSingleton.cs
  artifactKey: Guid(47420030d2e0d584bb8274239dc9e09b) Importer(815301076,1909f56bfc062723c751e8b465ee728b)
Start importing Assets/Scripts/Utilities/MonoSingleton.cs using Guid(47420030d2e0d584bb8274239dc9e09b) Importer(815301076,1909f56bfc062723c751e8b465ee728b)  -> (artifact id: '71555dc5fd9c1b6ab8196fd2339bf437') in 0.377441 seconds
  Import took 0.459677 seconds .

========================================================================
Received Import Request.
  Time since last request: 0.001761 seconds.
  path: Assets/Scripts/Utilities
  artifactKey: Guid(76ac7279a451a844c8e038ebf0b67c1b) Importer(815301076,1909f56bfc062723c751e8b465ee728b)
Start importing Assets/Scripts/Utilities using Guid(76ac7279a451a844c8e038ebf0b67c1b) Importer(815301076,1909f56bfc062723c751e8b465ee728b)  -> (artifact id: 'daa4b7705fcc8b565267c81e1d28f700') in 0.039197 seconds
  Import took 0.083488 seconds .

========================================================================
Received Import Request.
  Time since last request: 0.001661 seconds.
  path: Assets/Scripts/Utilities/Singleton.cs
  artifactKey: Guid(54daba9dcae32c7479a5ebfdbdabcf7e) Importer(815301076,1909f56bfc062723c751e8b465ee728b)
Start importing Assets/Scripts/Utilities/Singleton.cs using Guid(54daba9dcae32c7479a5ebfdbdabcf7e) Importer(815301076,1909f56bfc062723c751e8b465ee728b)  -> (artifact id: '5b796924c0e1fe83bd2c1a8c8f3fde7a') in 0.022463 seconds
  Import took 0.046950 seconds .

========================================================================
Received Import Request.
  Time since last request: 0.002046 seconds.
  path: Assets/Scripts
  artifactKey: Guid(6bfb3e54a536c4445995dd89d80237c3) Importer(815301076,1909f56bfc062723c751e8b465ee728b)
Start importing Assets/Scripts using Guid(6bfb3e54a536c4445995dd89d80237c3) Importer(815301076,1909f56bfc062723c751e8b465ee728b)  -> (artifact id: '66a60f88dfa225de6c0a0f964aa362ab') in 0.032801 seconds
  Import took 0.079816 seconds .

========================================================================
Received Prepare
Registering precompiled user dll's ...
Registered in 0.013690 seconds.
Begin MonoManager ReloadAssembly
Native extension for WindowsStandalone target not found
Refreshing native plugins compatible for Editor in 0.59 ms, found 0 plugins.
Preloading 0 native plugins for Editor in 0.00 ms.
Mono: successfully reloaded assembly
- Completed reload, in  4.619 seconds
Platform modules already initialized, skipping
Refreshing native plugins compatible for Editor in 0.66 ms, found 0 plugins.
Preloading 0 native plugins for Editor in 0.00 ms.
Unloading 1114 Unused Serialized files (Serialized files now loaded: 0)
System memory in use before: 59.5 MB.
System memory in use after: 59.6 MB.

Unloading 5 unused Assets to reduce memory usage. Loaded Objects now: 1564.
Total: 6.323600 ms (FindLiveObjects: 0.403400 ms CreateObjectMapping: 0.133800 ms MarkObjects: 5.582600 ms  DeleteObjects: 0.199700 ms)

========================================================================
Received Prepare
Registering precompiled user dll's ...
Registered in 0.002775 seconds.
Begin MonoManager ReloadAssembly
Native extension for WindowsStandalone target not found
Refreshing native plugins compatible for Editor in 0.74 ms, found 0 plugins.
Preloading 0 native plugins for Editor in 0.00 ms.
Mono: successfully reloaded assembly
- Completed reload, in  3.887 seconds
Platform modules already initialized, skipping
Refreshing native plugins compatible for Editor in 0.63 ms, found 0 plugins.
Preloading 0 native plugins for Editor in 0.00 ms.
Unloading 1114 Unused Serialized files (Serialized files now loaded: 0)
System memory in use before: 59.5 MB.
System memory in use after: 59.6 MB.

Unloading 5 unused Assets to reduce memory usage. Loaded Objects now: 1567.
Total: 5.535100 ms (FindLiveObjects: 0.447300 ms CreateObjectMapping: 0.149600 ms MarkObjects: 4.774400 ms  DeleteObjects: 0.159400 ms)

========================================================================
Received Import Request.
  Time since last request: 1117.304316 seconds.
  path: Assets/Scripts/Utilities/Singleton.cs
  artifactKey: Guid(54daba9dcae32c7479a5ebfdbdabcf7e) Importer(815301076,1909f56bfc062723c751e8b465ee728b)
Start importing Assets/Scripts/Utilities/Singleton.cs using Guid(54daba9dcae32c7479a5ebfdbdabcf7e) Importer(815301076,1909f56bfc062723c751e8b465ee728b)  -> (artifact id: '98d87bec849d7161a865410c2a832b51') in 0.310537 seconds
  Import took 0.431043 seconds .

========================================================================
Received Import Request.
  Time since last request: 1483.792437 seconds.
  path: Assets/Scripts/Utilities/Log
  artifactKey: Guid(6ef65e8dd7abb284a845b395648ba02f) Importer(815301076,1909f56bfc062723c751e8b465ee728b)
Start importing Assets/Scripts/Utilities/Log using Guid(6ef65e8dd7abb284a845b395648ba02f) Importer(815301076,1909f56bfc062723c751e8b465ee728b)  -> (artifact id: '4992a37319ac8caa24bf36a2ffee851b') in 0.427198 seconds
  Import took 0.802215 seconds .

========================================================================
Received Import Request.
  Time since last request: 61.056886 seconds.
  path: Assets/Scripts/Utilities/Log/UnityLogger.cs
  artifactKey: Guid(05c17b6791179a944905d6b7df89d7cd) Importer(815301076,1909f56bfc062723c751e8b465ee728b)
Start importing Assets/Scripts/Utilities/Log/UnityLogger.cs using Guid(05c17b6791179a944905d6b7df89d7cd) Importer(815301076,1909f56bfc062723c751e8b465ee728b)  -> (artifact id: '0ab7e82b6bc346f7cbde84a65aaedc5c') in 0.899793 seconds
  Import took 1.005354 seconds .

========================================================================
Received Import Request.
  Time since last request: 1.872218 seconds.
  path: Assets/Scripts/Utilities/Log/UnityLogger.cs
  artifactKey: Guid(05c17b6791179a944905d6b7df89d7cd) Importer(815301076,1909f56bfc062723c751e8b465ee728b)
Start importing Assets/Scripts/Utilities/Log/UnityLogger.cs using Guid(05c17b6791179a944905d6b7df89d7cd) Importer(815301076,1909f56bfc062723c751e8b465ee728b)  -> (artifact id: '0ab7e82b6bc346f7cbde84a65aaedc5c') in 0.010729 seconds
  Import took 0.337317 seconds .

========================================================================
Received Import Request.
  Time since last request: 93.912515 seconds.
  path: Assets/Scripts/Utilities/Log/Log.cs
  artifactKey: Guid(0053dd22445d6cc48af173b9f2f75888) Importer(815301076,1909f56bfc062723c751e8b465ee728b)
Start importing Assets/Scripts/Utilities/Log/Log.cs using Guid(0053dd22445d6cc48af173b9f2f75888) Importer(815301076,1909f56bfc062723c751e8b465ee728b)  -> (artifact id: '80064222982048d99777f6b2fa4804db') in 0.041671 seconds
  Import took 0.108449 seconds .

========================================================================
Received Import Request.
  Time since last request: 603.666903 seconds.
  path: Assets
  artifactKey: Guid(00000000000000001000000000000000) Importer(815301076,1909f56bfc062723c751e8b465ee728b)
Start importing Assets using Guid(00000000000000001000000000000000) Importer(815301076,1909f56bfc062723c751e8b465ee728b)  -> (artifact id: '42d402b061de3733987d63b9cc3b64de') in 0.053031 seconds
  Import took 0.427318 seconds .

========================================================================
Received Import Request.
  Time since last request: 7.237975 seconds.
  path: Assets/R
  artifactKey: Guid(f5098ca65c58a10458ab87e835a00056) Importer(815301076,1909f56bfc062723c751e8b465ee728b)
Start importing Assets/R using Guid(f5098ca65c58a10458ab87e835a00056) Importer(815301076,1909f56bfc062723c751e8b465ee728b)  -> (artifact id: 'f1c5ab036bec63285e5d960e619aec7b') in 0.015926 seconds
  Import took 0.035995 seconds .

========================================================================
Received Import Request.
  Time since last request: 23.900986 seconds.
  path: Assets/References
  artifactKey: Guid(f5098ca65c58a10458ab87e835a00056) Importer(815301076,1909f56bfc062723c751e8b465ee728b)
Start importing Assets/References using Guid(f5098ca65c58a10458ab87e835a00056) Importer(815301076,1909f56bfc062723c751e8b465ee728b)  -> (artifact id: 'efbc70a4f0f4d6584580a809b8a463e9') in 0.014307 seconds
  Import took 0.061324 seconds .

========================================================================
Received Prepare
Registering precompiled user dll's ...
Registered in 0.005907 seconds.
Begin MonoManager ReloadAssembly
Native extension for WindowsStandalone target not found
Refreshing native plugins compatible for Editor in 0.79 ms, found 0 plugins.
Preloading 0 native plugins for Editor in 0.00 ms.
Mono: successfully reloaded assembly
- Completed reload, in  4.603 seconds
Platform modules already initialized, skipping
Refreshing native plugins compatible for Editor in 0.80 ms, found 0 plugins.
Preloading 0 native plugins for Editor in 0.00 ms.
Unloading 1117 Unused Serialized files (Serialized files now loaded: 0)
System memory in use before: 59.6 MB.
System memory in use after: 59.7 MB.

Unloading 6 unused Assets to reduce memory usage. Loaded Objects now: 1572.
Total: 131.828100 ms (FindLiveObjects: 10.489800 ms CreateObjectMapping: 0.271800 ms MarkObjects: 119.449900 ms  DeleteObjects: 1.609700 ms)

========================================================================
Received Prepare
Registering precompiled user dll's ...
Registered in 0.004504 seconds.
Begin MonoManager ReloadAssembly
Native extension for WindowsStandalone target not found
Refreshing native plugins compatible for Editor in 0.67 ms, found 0 plugins.
Preloading 0 native plugins for Editor in 0.00 ms.
Mono: successfully reloaded assembly
- Completed reload, in  3.157 seconds
Platform modules already initialized, skipping
Refreshing native plugins compatible for Editor in 0.65 ms, found 0 plugins.
Preloading 0 native plugins for Editor in 0.00 ms.
Unloading 1117 Unused Serialized files (Serialized files now loaded: 0)
System memory in use before: 59.6 MB.
System memory in use after: 59.7 MB.

Unloading 6 unused Assets to reduce memory usage. Loaded Objects now: 1575.
Total: 5.599900 ms (FindLiveObjects: 0.386200 ms CreateObjectMapping: 0.119300 ms MarkObjects: 4.921300 ms  DeleteObjects: 0.169300 ms)

========================================================================
Received Import Request.
  Time since last request: 483.363288 seconds.
  path: Assets/Scripts/Utilities/Log/Log.cs
  artifactKey: Guid(0053dd22445d6cc48af173b9f2f75888) Importer(815301076,1909f56bfc062723c751e8b465ee728b)
Start importing Assets/Scripts/Utilities/Log/Log.cs using Guid(0053dd22445d6cc48af173b9f2f75888) Importer(815301076,1909f56bfc062723c751e8b465ee728b)  -> (artifact id: '5c7e4f9cc915ab211546c0728fa8221c') in 0.027403 seconds
  Import took 0.075112 seconds .

========================================================================
Received Import Request.
  Time since last request: 0.225153 seconds.
  path: Assets/Scripts/Utilities/Log/Log.cs
  artifactKey: Guid(0053dd22445d6cc48af173b9f2f75888) Importer(815301076,1909f56bfc062723c751e8b465ee728b)
Start importing Assets/Scripts/Utilities/Log/Log.cs using Guid(0053dd22445d6cc48af173b9f2f75888) Importer(815301076,1909f56bfc062723c751e8b465ee728b)  -> (artifact id: '5c7e4f9cc915ab211546c0728fa8221c') in 0.010840 seconds
  Import took 0.019379 seconds .

========================================================================
Received Prepare
Registering precompiled user dll's ...
Registered in 0.003159 seconds.
Begin MonoManager ReloadAssembly
Native extension for WindowsStandalone target not found
Refreshing native plugins compatible for Editor in 0.60 ms, found 0 plugins.
Preloading 0 native plugins for Editor in 0.00 ms.
Mono: successfully reloaded assembly
- Completed reload, in  3.142 seconds
Platform modules already initialized, skipping
Refreshing native plugins compatible for Editor in 0.60 ms, found 0 plugins.
Preloading 0 native plugins for Editor in 0.00 ms.
Unloading 1116 Unused Serialized files (Serialized files now loaded: 0)
System memory in use before: 59.6 MB.
System memory in use after: 59.7 MB.

Unloading 7 unused Assets to reduce memory usage. Loaded Objects now: 1577.
Total: 5.643300 ms (FindLiveObjects: 0.366500 ms CreateObjectMapping: 0.119800 ms MarkObjects: 4.984300 ms  DeleteObjects: 0.168800 ms)

========================================================================
Received Import Request.
  Time since last request: 104.060120 seconds.
  path: Assets/Test.cs
  artifactKey: Guid(5329d130987f3104881cbee47ed2fc01) Importer(815301076,1909f56bfc062723c751e8b465ee728b)
Start importing Assets/Test.cs using Guid(5329d130987f3104881cbee47ed2fc01) Importer(815301076,1909f56bfc062723c751e8b465ee728b)  -> (artifact id: 'bae8bbccdd106fac2e6ad7a550ce554c') in 0.046467 seconds
  Import took 0.080504 seconds .

========================================================================
Received Prepare
Registering precompiled user dll's ...
Registered in 0.003669 seconds.
Begin MonoManager ReloadAssembly
Native extension for WindowsStandalone target not found
Refreshing native plugins compatible for Editor in 0.62 ms, found 0 plugins.
Preloading 0 native plugins for Editor in 0.00 ms.
Mono: successfully reloaded assembly
- Completed reload, in  3.655 seconds
Platform modules already initialized, skipping
Refreshing native plugins compatible for Editor in 0.59 ms, found 0 plugins.
Preloading 0 native plugins for Editor in 0.00 ms.
Unloading 1117 Unused Serialized files (Serialized files now loaded: 0)
System memory in use before: 59.6 MB.
System memory in use after: 59.7 MB.

Unloading 6 unused Assets to reduce memory usage. Loaded Objects now: 1581.
Total: 10.789200 ms (FindLiveObjects: 0.516200 ms CreateObjectMapping: 0.396400 ms MarkObjects: 9.605400 ms  DeleteObjects: 0.264700 ms)

========================================================================
Received Prepare
Registering precompiled user dll's ...
Registered in 0.019261 seconds.
Begin MonoManager ReloadAssembly
Native extension for WindowsStandalone target not found
Refreshing native plugins compatible for Editor in 1.08 ms, found 0 plugins.
Preloading 0 native plugins for Editor in 0.00 ms.
Mono: successfully reloaded assembly
- Completed reload, in  5.307 seconds
Platform modules already initialized, skipping
Refreshing native plugins compatible for Editor in 0.85 ms, found 0 plugins.
Preloading 0 native plugins for Editor in 0.00 ms.
Unloading 1117 Unused Serialized files (Serialized files now loaded: 0)
System memory in use before: 59.7 MB.
System memory in use after: 59.7 MB.

Unloading 6 unused Assets to reduce memory usage. Loaded Objects now: 1584.
Total: 269.576500 ms (FindLiveObjects: 29.104900 ms CreateObjectMapping: 0.248000 ms MarkObjects: 238.081700 ms  DeleteObjects: 2.136400 ms)

========================================================================
Received Import Request.
  Time since last request: 584.433892 seconds.
  path: Assets/Test.cs
  artifactKey: Guid(5329d130987f3104881cbee47ed2fc01) Importer(815301076,1909f56bfc062723c751e8b465ee728b)
Start importing Assets/Test.cs using Guid(5329d130987f3104881cbee47ed2fc01) Importer(815301076,1909f56bfc062723c751e8b465ee728b)  -> (artifact id: 'eff15b5e7bc7fe0f5d562ad026b9be97') in 0.095785 seconds
  Import took 0.148051 seconds .

========================================================================
Received Prepare
Registering precompiled user dll's ...
Registered in 0.006278 seconds.
Begin MonoManager ReloadAssembly
Native extension for WindowsStandalone target not found
Refreshing native plugins compatible for Editor in 0.77 ms, found 0 plugins.
Preloading 0 native plugins for Editor in 0.00 ms.
Mono: successfully reloaded assembly
- Completed reload, in  5.402 seconds
Platform modules already initialized, skipping
Refreshing native plugins compatible for Editor in 0.64 ms, found 0 plugins.
Preloading 0 native plugins for Editor in 0.00 ms.
Unloading 1117 Unused Serialized files (Serialized files now loaded: 0)
System memory in use before: 59.7 MB.
System memory in use after: 59.7 MB.

Unloading 6 unused Assets to reduce memory usage. Loaded Objects now: 1587.
Total: 6.492300 ms (FindLiveObjects: 0.557900 ms CreateObjectMapping: 0.156900 ms MarkObjects: 5.603800 ms  DeleteObjects: 0.168900 ms)

========================================================================
Received Prepare
Registering precompiled user dll's ...
Registered in 0.003257 seconds.
Begin MonoManager ReloadAssembly
Native extension for WindowsStandalone target not found
Refreshing native plugins compatible for Editor in 0.76 ms, found 0 plugins.
Preloading 0 native plugins for Editor in 0.00 ms.
Mono: successfully reloaded assembly
- Completed reload, in  8.032 seconds
Platform modules already initialized, skipping
Refreshing native plugins compatible for Editor in 2.31 ms, found 0 plugins.
Preloading 0 native plugins for Editor in 0.00 ms.
Unloading 1117 Unused Serialized files (Serialized files now loaded: 0)
System memory in use before: 59.7 MB.
System memory in use after: 59.7 MB.

Unloading 6 unused Assets to reduce memory usage. Loaded Objects now: 1590.
Total: 12.937500 ms (FindLiveObjects: 0.409200 ms CreateObjectMapping: 0.127100 ms MarkObjects: 12.121300 ms  DeleteObjects: 0.275400 ms)

========================================================================
Received Prepare
Registering precompiled user dll's ...
Registered in 0.003813 seconds.
Begin MonoManager ReloadAssembly
Native extension for WindowsStandalone target not found
Refreshing native plugins compatible for Editor in 0.72 ms, found 0 plugins.
Preloading 0 native plugins for Editor in 0.00 ms.
Mono: successfully reloaded assembly
- Completed reload, in  3.602 seconds
Platform modules already initialized, skipping
Refreshing native plugins compatible for Editor in 2.41 ms, found 0 plugins.
Preloading 0 native plugins for Editor in 0.00 ms.
Unloading 1117 Unused Serialized files (Serialized files now loaded: 0)
System memory in use before: 59.7 MB.
System memory in use after: 59.7 MB.

Unloading 6 unused Assets to reduce memory usage. Loaded Objects now: 1593.
Total: 8.868900 ms (FindLiveObjects: 0.569800 ms CreateObjectMapping: 0.277800 ms MarkObjects: 7.732700 ms  DeleteObjects: 0.284000 ms)

========================================================================
Received Prepare
Registering precompiled user dll's ...
Registered in 0.003206 seconds.
Begin MonoManager ReloadAssembly
Native extension for WindowsStandalone target not found
Refreshing native plugins compatible for Editor in 0.62 ms, found 0 plugins.
Preloading 0 native plugins for Editor in 0.00 ms.
Mono: successfully reloaded assembly
- Completed reload, in  4.448 seconds
Platform modules already initialized, skipping
Refreshing native plugins compatible for Editor in 0.79 ms, found 0 plugins.
Preloading 0 native plugins for Editor in 0.00 ms.
Unloading 1117 Unused Serialized files (Serialized files now loaded: 0)
System memory in use before: 59.7 MB.
System memory in use after: 59.7 MB.

Unloading 6 unused Assets to reduce memory usage. Loaded Objects now: 1596.
Total: 5.977100 ms (FindLiveObjects: 0.385500 ms CreateObjectMapping: 0.119400 ms MarkObjects: 5.285200 ms  DeleteObjects: 0.183300 ms)

========================================================================
Received Prepare
Registering precompiled user dll's ...
Registered in 0.004429 seconds.
Begin MonoManager ReloadAssembly
Native extension for WindowsStandalone target not found
Refreshing native plugins compatible for Editor in 0.75 ms, found 0 plugins.
Preloading 0 native plugins for Editor in 0.00 ms.
Mono: successfully reloaded assembly
- Completed reload, in  4.342 seconds
Platform modules already initialized, skipping
Refreshing native plugins compatible for Editor in 0.65 ms, found 0 plugins.
Preloading 0 native plugins for Editor in 0.00 ms.
Unloading 1117 Unused Serialized files (Serialized files now loaded: 0)
System memory in use before: 59.7 MB.
System memory in use after: 59.8 MB.

Unloading 6 unused Assets to reduce memory usage. Loaded Objects now: 1599.
Total: 175.529900 ms (FindLiveObjects: 1.364100 ms CreateObjectMapping: 0.231100 ms MarkObjects: 173.135800 ms  DeleteObjects: 0.792800 ms)

========================================================================
Received Prepare
Registering precompiled user dll's ...
Registered in 0.004460 seconds.
Begin MonoManager ReloadAssembly
Native extension for WindowsStandalone target not found
Refreshing native plugins compatible for Editor in 1.12 ms, found 0 plugins.
Preloading 0 native plugins for Editor in 0.00 ms.
Mono: successfully reloaded assembly
- Completed reload, in  4.046 seconds
Platform modules already initialized, skipping
Refreshing native plugins compatible for Editor in 0.76 ms, found 0 plugins.
Preloading 0 native plugins for Editor in 0.00 ms.
Unloading 1117 Unused Serialized files (Serialized files now loaded: 0)
System memory in use before: 59.7 MB.
System memory in use after: 59.8 MB.

Unloading 6 unused Assets to reduce memory usage. Loaded Objects now: 1602.
Total: 7.277100 ms (FindLiveObjects: 0.710800 ms CreateObjectMapping: 0.131400 ms MarkObjects: 6.258800 ms  DeleteObjects: 0.171800 ms)

========================================================================
Received Prepare
Registering precompiled user dll's ...
Registered in 0.003902 seconds.
Begin MonoManager ReloadAssembly
Native extension for WindowsStandalone target not found
Refreshing native plugins compatible for Editor in 0.62 ms, found 0 plugins.
Preloading 0 native plugins for Editor in 0.00 ms.
Mono: successfully reloaded assembly
- Completed reload, in  3.559 seconds
Platform modules already initialized, skipping
Refreshing native plugins compatible for Editor in 0.83 ms, found 0 plugins.
Preloading 0 native plugins for Editor in 0.00 ms.
Unloading 1117 Unused Serialized files (Serialized files now loaded: 0)
System memory in use before: 59.7 MB.
System memory in use after: 59.8 MB.

Unloading 6 unused Assets to reduce memory usage. Loaded Objects now: 1605.
Total: 6.179800 ms (FindLiveObjects: 0.418700 ms CreateObjectMapping: 0.130600 ms MarkObjects: 5.456500 ms  DeleteObjects: 0.170200 ms)

========================================================================
Received Prepare
Registering precompiled user dll's ...
Registered in 0.004026 seconds.
Begin MonoManager ReloadAssembly
Native extension for WindowsStandalone target not found
Refreshing native plugins compatible for Editor in 0.66 ms, found 0 plugins.
Preloading 0 native plugins for Editor in 0.00 ms.
Mono: successfully reloaded assembly
- Completed reload, in  4.202 seconds
Platform modules already initialized, skipping
Refreshing native plugins compatible for Editor in 0.66 ms, found 0 plugins.
Preloading 0 native plugins for Editor in 0.00 ms.
Unloading 1117 Unused Serialized files (Serialized files now loaded: 0)
System memory in use before: 59.7 MB.
System memory in use after: 59.8 MB.

Unloading 6 unused Assets to reduce memory usage. Loaded Objects now: 1608.
Total: 6.036600 ms (FindLiveObjects: 0.399200 ms CreateObjectMapping: 0.666300 ms MarkObjects: 4.798600 ms  DeleteObjects: 0.168100 ms)

========================================================================
Received Import Request.
  Time since last request: 1688.599664 seconds.
  path: Assets/Scripts/Utilities/Log/UnityLogger.cs
  artifactKey: Guid(05c17b6791179a944905d6b7df89d7cd) Importer(815301076,1909f56bfc062723c751e8b465ee728b)
Start importing Assets/Scripts/Utilities/Log/UnityLogger.cs using Guid(05c17b6791179a944905d6b7df89d7cd) Importer(815301076,1909f56bfc062723c751e8b465ee728b)  -> (artifact id: '821b922bdca18e37340704be14a719c0') in 0.158677 seconds
  Import took 0.231546 seconds .

========================================================================
Received Import Request.
  Time since last request: 0.509370 seconds.
  path: Assets/Scripts/Utilities/Log/UnityLogger.cs
  artifactKey: Guid(05c17b6791179a944905d6b7df89d7cd) Importer(815301076,1909f56bfc062723c751e8b465ee728b)
Start importing Assets/Scripts/Utilities/Log/UnityLogger.cs using Guid(05c17b6791179a944905d6b7df89d7cd) Importer(815301076,1909f56bfc062723c751e8b465ee728b)  -> (artifact id: '821b922bdca18e37340704be14a719c0') in 0.019282 seconds
  Import took 0.035252 seconds .

========================================================================
Received Prepare
Registering precompiled user dll's ...
Registered in 0.010701 seconds.
Begin MonoManager ReloadAssembly
Native extension for WindowsStandalone target not found
Refreshing native plugins compatible for Editor in 0.60 ms, found 0 plugins.
Preloading 0 native plugins for Editor in 0.00 ms.
Mono: successfully reloaded assembly
- Completed reload, in  3.739 seconds
Platform modules already initialized, skipping
Refreshing native plugins compatible for Editor in 0.62 ms, found 0 plugins.
Preloading 0 native plugins for Editor in 0.00 ms.
Unloading 1117 Unused Serialized files (Serialized files now loaded: 0)
System memory in use before: 59.7 MB.
System memory in use after: 59.8 MB.

Unloading 6 unused Assets to reduce memory usage. Loaded Objects now: 1611.
Total: 5.450000 ms (FindLiveObjects: 0.410800 ms CreateObjectMapping: 0.119300 ms MarkObjects: 4.758200 ms  DeleteObjects: 0.158500 ms)

AssetImportWorkerClient::OnTransportError - code=2 error=End of file
